<?xml version="1.0" encoding="UTF-8"?>
<testsuite name="problems.leetcode.UniqueOccurrencesTest" tests="1" skipped="0" failures="0" errors="0" timestamp="2021-08-08T02:53:33" hostname="localhost.localdomain" time="0.016">
  <properties/>
  <testcase name="returns false with repetitive number of occurrences()" classname="problems.leetcode.UniqueOccurrencesTest" time="0.016"/>
  <system-out><![CDATA[]]></system-out>
  <system-err><![CDATA[]]></system-err>
</testsuite>
