<?xml version="1.0" encoding="UTF-8"?>
<testsuite name="BinaryTest" tests="5" skipped="0" failures="0" errors="0" timestamp="2020-05-04T01:44:48" hostname="localhost.localdomain" time="0.095">
  <properties/>
  <testcase name="not in list()" classname="BinaryTest" time="0.074"/>
  <testcase name="one element()" classname="BinaryTest" time="0.002"/>
  <testcase name="even elements()" classname="BinaryTest" time="0.005"/>
  <testcase name="empty array()" classname="BinaryTest" time="0.004"/>
  <testcase name="odd elements()" classname="BinaryTest" time="0.003"/>
  <system-out><![CDATA[6 is not in the list!
6 is in the list!!!!
6 is in the list!!!!
6 is in the list!!!!
6 is in the list!!!!
6 is in the list!!!!
6 is in the list!!!!
6 is in the list!!!!
6 is not in the list!
6 is in the list!!!!
6 is in the list!!!!
6 is in the list!!!!
6 is in the list!!!!
6 is in the list!!!!
]]></system-out>
  <system-err><![CDATA[]]></system-err>
</testsuite>
